{"E:\\Projects\\KE Projects\\cvonthemove\\ke-cvonthemove\\packages\\api\\src\\controllers\\UserController.ts": {"path":"E:\\Projects\\KE Projects\\cvonthemove\\ke-cvonthemove\\packages\\api\\src\\controllers\\UserController.ts","statementMap":{"0":{"start":{"line":2,"column":0},"end":{"line":2,"column":56}},"1":{"start":{"line":3,"column":0},"end":{"line":3,"column":54}},"2":{"start":{"line":10,"column":4},"end":{"line":10,"column":12}},"3":{"start":{"line":11,"column":4},"end":{"line":11,"column":41}},"4":{"start":{"line":14,"column":23},"end":{"line":21,"column":3}},"5":{"start":{"line":15,"column":4},"end":{"line":20,"column":5}},"6":{"start":{"line":16,"column":20},"end":{"line":16,"column":56}},"7":{"start":{"line":17,"column":6},"end":{"line":17,"column":43}},"8":{"start":{"line":19,"column":6},"end":{"line":19,"column":51}},"9":{"start":{"line":6,"column":0},"end":{"line":6,"column":13}}},"fnMap":{"0":{"name":"(anonymous_0)","decl":{"start":{"line":9,"column":2},"end":{"line":9,"column":null}},"loc":{"start":{"line":9,"column":2},"end":{"line":12,"column":3}}},"1":{"name":"(anonymous_1)","decl":{"start":{"line":14,"column":23},"end":{"line":14,"column":28}},"loc":{"start":{"line":14,"column":76},"end":{"line":21,"column":3}}}},"branchMap":{},"s":{"0":1,"1":1,"2":2,"3":2,"4":2,"5":2,"6":2,"7":1,"8":1,"9":1},"f":{"0":2,"1":2},"b":{}}
,"E:\\Projects\\KE Projects\\cvonthemove\\ke-cvonthemove\\packages\\api\\src\\controllers\\WizardController.ts": {"path":"E:\\Projects\\KE Projects\\cvonthemove\\ke-cvonthemove\\packages\\api\\src\\controllers\\WizardController.ts","statementMap":{"0":{"start":{"line":2,"column":0},"end":{"line":2,"column":56}},"1":{"start":{"line":3,"column":0},"end":{"line":3,"column":58}},"2":{"start":{"line":10,"column":4},"end":{"line":10,"column":12}},"3":{"start":{"line":11,"column":4},"end":{"line":11,"column":45}},"4":{"start":{"line":14,"column":28},"end":{"line":24,"column":3}},"5":{"start":{"line":15,"column":4},"end":{"line":23,"column":5}},"6":{"start":{"line":16,"column":24},"end":{"line":16,"column":61}},"7":{"start":{"line":17,"column":19},"end":{"line":17,"column":27}},"8":{"start":{"line":19,"column":24},"end":{"line":19,"column":101}},"9":{"start":{"line":20,"column":6},"end":{"line":20,"column":43}},"10":{"start":{"line":22,"column":6},"end":{"line":22,"column":76}},"11":{"start":{"line":6,"column":0},"end":{"line":6,"column":13}}},"fnMap":{"0":{"name":"(anonymous_0)","decl":{"start":{"line":9,"column":2},"end":{"line":9,"column":null}},"loc":{"start":{"line":9,"column":2},"end":{"line":12,"column":3}}},"1":{"name":"(anonymous_1)","decl":{"start":{"line":14,"column":28},"end":{"line":14,"column":33}},"loc":{"start":{"line":14,"column":81},"end":{"line":24,"column":3}}}},"branchMap":{},"s":{"0":1,"1":1,"2":2,"3":2,"4":2,"5":2,"6":2,"7":2,"8":2,"9":1,"10":1,"11":1},"f":{"0":2,"1":2},"b":{}}
,"E:\\Projects\\KE Projects\\cvonthemove\\ke-cvonthemove\\packages\\api\\src\\core\\SessionMiddleware.ts": {"path":"E:\\Projects\\KE Projects\\cvonthemove\\ke-cvonthemove\\packages\\api\\src\\core\\SessionMiddleware.ts","statementMap":{"0":{"start":{"line":3,"column":18},"end":{"line":3,"column":94}},"1":{"start":{"line":5,"column":33},"end":{"line":17,"column":1}},"2":{"start":{"line":6,"column":20},"end":{"line":6,"column":47}},"3":{"start":{"line":8,"column":2},"end":{"line":10,"column":3}},"4":{"start":{"line":9,"column":4},"end":{"line":9,"column":101}},"5":{"start":{"line":12,"column":2},"end":{"line":14,"column":3}},"6":{"start":{"line":13,"column":4},"end":{"line":13,"column":96}},"7":{"start":{"line":16,"column":2},"end":{"line":16,"column":9}},"8":{"start":{"line":5,"column":13},"end":{"line":5,"column":33}}},"fnMap":{"0":{"name":"(anonymous_0)","decl":{"start":{"line":5,"column":33},"end":{"line":5,"column":34}},"loc":{"start":{"line":5,"column":85},"end":{"line":17,"column":1}}}},"branchMap":{"0":{"loc":{"start":{"line":8,"column":2},"end":{"line":10,"column":3}},"type":"if","locations":[{"start":{"line":8,"column":2},"end":{"line":10,"column":3}},{"start":{},"end":{}}]},"1":{"loc":{"start":{"line":8,"column":6},"end":{"line":8,"column":49}},"type":"binary-expr","locations":[{"start":{"line":8,"column":6},"end":{"line":8,"column":16}},{"start":{"line":8,"column":20},"end":{"line":8,"column":49}}]},"2":{"loc":{"start":{"line":12,"column":2},"end":{"line":14,"column":3}},"type":"if","locations":[{"start":{"line":12,"column":2},"end":{"line":14,"column":3}},{"start":{},"end":{}}]}},"s":{"0":1,"1":1,"2":3,"3":3,"4":1,"5":2,"6":1,"7":1,"8":1},"f":{"0":3},"b":{"0":[1,2],"1":[3,2],"2":[1,1]}}
,"E:\\Projects\\KE Projects\\cvonthemove\\ke-cvonthemove\\packages\\api\\src\\services\\UserService.ts": {"path":"E:\\Projects\\KE Projects\\cvonthemove\\ke-cvonthemove\\packages\\api\\src\\services\\UserService.ts","statementMap":{"0":{"start":{"line":1,"column":0},"end":{"line":1,"column":50}},"1":{"start":{"line":6,"column":4},"end":{"line":6,"column":35}},"2":{"start":{"line":4,"column":0},"end":{"line":4,"column":13}}},"fnMap":{"0":{"name":"(anonymous_0)","decl":{"start":{"line":5,"column":9},"end":{"line":5,"column":14}},"loc":{"start":{"line":5,"column":26},"end":{"line":7,"column":3}}}},"branchMap":{},"s":{"0":1,"1":1,"2":1},"f":{"0":1},"b":{}}
,"E:\\Projects\\KE Projects\\cvonthemove\\ke-cvonthemove\\packages\\api\\src\\services\\WizardService.ts": {"path":"E:\\Projects\\KE Projects\\cvonthemove\\ke-cvonthemove\\packages\\api\\src\\services\\WizardService.ts","statementMap":{"0":{"start":{"line":1,"column":0},"end":{"line":1,"column":50}},"1":{"start":{"line":10,"column":4},"end":{"line":17,"column":7}},"2":{"start":{"line":19,"column":19},"end":{"line":19,"column":32}},"3":{"start":{"line":20,"column":13},"end":{"line":22,"column":6}},"4":{"start":{"line":24,"column":4},"end":{"line":42,"column":5}},"5":{"start":{"line":25,"column":6},"end":{"line":33,"column":7}},"6":{"start":{"line":26,"column":8},"end":{"line":32,"column":11}},"7":{"start":{"line":35,"column":6},"end":{"line":41,"column":9}},"8":{"start":{"line":44,"column":4},"end":{"line":52,"column":5}},"9":{"start":{"line":45,"column":6},"end":{"line":51,"column":7}},"10":{"start":{"line":46,"column":8},"end":{"line":50,"column":9}},"11":{"start":{"line":47,"column":10},"end":{"line":47,"column":201}},"12":{"start":{"line":49,"column":10},"end":{"line":49,"column":87}},"13":{"start":{"line":54,"column":4},"end":{"line":62,"column":5}},"14":{"start":{"line":55,"column":6},"end":{"line":61,"column":7}},"15":{"start":{"line":56,"column":8},"end":{"line":60,"column":9}},"16":{"start":{"line":57,"column":10},"end":{"line":57,"column":200}},"17":{"start":{"line":59,"column":10},"end":{"line":59,"column":82}},"18":{"start":{"line":64,"column":4},"end":{"line":72,"column":5}},"19":{"start":{"line":65,"column":6},"end":{"line":71,"column":7}},"20":{"start":{"line":66,"column":8},"end":{"line":70,"column":9}},"21":{"start":{"line":67,"column":10},"end":{"line":67,"column":105}},"22":{"start":{"line":69,"column":10},"end":{"line":69,"column":78}},"23":{"start":{"line":74,"column":4},"end":{"line":77,"column":7}},"24":{"start":{"line":4,"column":0},"end":{"line":4,"column":13}}},"fnMap":{"0":{"name":"(anonymous_0)","decl":{"start":{"line":5,"column":9},"end":{"line":5,"column":14}},"loc":{"start":{"line":7,"column":137},"end":{"line":78,"column":3}}}},"branchMap":{"0":{"loc":{"start":{"line":19,"column":19},"end":{"line":19,"column":32}},"type":"binary-expr","locations":[{"start":{"line":19,"column":19},"end":{"line":19,"column":26}},{"start":{"line":19,"column":30},"end":{"line":19,"column":32}}]},"1":{"loc":{"start":{"line":24,"column":4},"end":{"line":42,"column":5}},"type":"if","locations":[{"start":{"line":24,"column":4},"end":{"line":42,"column":5}},{"start":{"line":34,"column":11},"end":{"line":42,"column":5}}]},"2":{"loc":{"start":{"line":25,"column":6},"end":{"line":33,"column":7}},"type":"if","locations":[{"start":{"line":25,"column":6},"end":{"line":33,"column":7}},{"start":{},"end":{}}]},"3":{"loc":{"start":{"line":38,"column":17},"end":{"line":38,"column":46}},"type":"binary-expr","locations":[{"start":{"line":38,"column":17},"end":{"line":38,"column":29}},{"start":{"line":38,"column":33},"end":{"line":38,"column":46}}]},"4":{"loc":{"start":{"line":39,"column":19},"end":{"line":39,"column":39}},"type":"binary-expr","locations":[{"start":{"line":39,"column":19},"end":{"line":39,"column":33}},{"start":{"line":39,"column":37},"end":{"line":39,"column":39}}]},"5":{"loc":{"start":{"line":44,"column":4},"end":{"line":52,"column":5}},"type":"if","locations":[{"start":{"line":44,"column":4},"end":{"line":52,"column":5}},{"start":{},"end":{}}]},"6":{"loc":{"start":{"line":46,"column":8},"end":{"line":50,"column":9}},"type":"if","locations":[{"start":{"line":46,"column":8},"end":{"line":50,"column":9}},{"start":{"line":48,"column":15},"end":{"line":50,"column":9}}]},"7":{"loc":{"start":{"line":54,"column":4},"end":{"line":62,"column":5}},"type":"if","locations":[{"start":{"line":54,"column":4},"end":{"line":62,"column":5}},{"start":{},"end":{}}]},"8":{"loc":{"start":{"line":56,"column":8},"end":{"line":60,"column":9}},"type":"if","locations":[{"start":{"line":56,"column":8},"end":{"line":60,"column":9}},{"start":{"line":58,"column":15},"end":{"line":60,"column":9}}]},"9":{"loc":{"start":{"line":64,"column":4},"end":{"line":72,"column":5}},"type":"if","locations":[{"start":{"line":64,"column":4},"end":{"line":72,"column":5}},{"start":{},"end":{}}]},"10":{"loc":{"start":{"line":66,"column":8},"end":{"line":70,"column":9}},"type":"if","locations":[{"start":{"line":66,"column":8},"end":{"line":70,"column":9}},{"start":{"line":68,"column":15},"end":{"line":70,"column":9}}]}},"s":{"0":1,"1":4,"2":4,"3":4,"4":4,"5":3,"6":1,"7":1,"8":4,"9":2,"10":2,"11":1,"12":1,"13":4,"14":2,"15":2,"16":1,"17":1,"18":4,"19":2,"20":2,"21":1,"22":1,"23":4,"24":1},"f":{"0":4},"b":{"0":[4,1],"1":[3,1],"2":[1,2],"3":[1,0],"4":[1,0],"5":[2,2],"6":[1,1],"7":[2,2],"8":[1,1],"9":[2,2],"10":[1,1]}}
}
