TN:
SF:src\controllers\AiController.ts
FN:9,(anonymous_0)
FN:13,(anonymous_1)
FNF:2
FNH:2
FNDA:3,(anonymous_0)
FNDA:3,(anonymous_1)
DA:2,1
DA:6,1
DA:10,3
DA:13,3
DA:14,3
DA:15,3
DA:17,3
DA:18,1
DA:22,1
DA:23,1
DA:26,2
DA:28,1
DA:33,1
DA:35,1
DA:36,1
DA:40,1
LF:16
LH:16
BRDA:17,0,0,1
BRDA:17,0,1,2
BRDA:17,1,0,3
BRDA:17,1,1,3
BRDA:38,2,0,1
BRDA:38,2,1,0
BRF:6
BRH:5
end_of_record
TN:
SF:src\controllers\TemplateController.ts
FN:9,(anonymous_0)
FN:24,(anonymous_1)
FNF:2
FNH:0
FNDA:0,(anonymous_0)
FNDA:0,(anonymous_1)
DA:2,0
DA:6,0
DA:7,0
DA:9,0
DA:10,0
DA:11,0
DA:12,0
DA:17,0
DA:24,0
DA:25,0
DA:26,0
DA:27,0
DA:29,0
DA:30,0
DA:36,0
DA:41,0
LF:16
LH:0
BRDA:29,0,0,0
BRDA:29,0,1,0
BRF:2
BRH:0
end_of_record
TN:
SF:src\controllers\UserController.ts
FN:9,(anonymous_0)
FN:14,(anonymous_1)
FNF:2
FNH:2
FNDA:2,(anonymous_0)
FNDA:2,(anonymous_1)
DA:2,1
DA:3,1
DA:6,1
DA:10,2
DA:11,2
DA:14,2
DA:15,2
DA:16,2
DA:17,1
DA:19,1
LF:10
LH:10
BRF:0
BRH:0
end_of_record
TN:
SF:src\controllers\WebhookController.ts
FN:7,(anonymous_0)
FN:14,(anonymous_1)
FN:51,(anonymous_2)
FNF:3
FNH:0
FNDA:0,(anonymous_0)
FNDA:0,(anonymous_1)
FNDA:0,(anonymous_2)
DA:2,0
DA:4,0
DA:8,0
DA:14,0
DA:16,0
DA:17,0
DA:20,0
DA:22,0
DA:23,0
DA:24,0
DA:25,0
DA:26,0
DA:27,0
DA:28,0
DA:29,0
DA:30,0
DA:32,0
DA:34,0
DA:37,0
DA:42,0
DA:45,0
DA:51,0
DA:53,0
DA:54,0
DA:57,0
DA:59,0
DA:60,0
DA:61,0
DA:62,0
DA:63,0
DA:64,0
DA:65,0
DA:67,0
DA:69,0
DA:72,0
DA:76,0
DA:79,0
LF:37
LH:0
BRDA:16,0,0,0
BRDA:16,0,1,0
BRDA:22,1,0,0
BRDA:22,1,1,0
BRDA:25,2,0,0
BRDA:25,2,1,0
BRDA:27,3,0,0
BRDA:27,3,1,0
BRDA:27,4,0,0
BRDA:27,4,1,0
BRDA:53,5,0,0
BRDA:53,5,1,0
BRDA:59,6,0,0
BRDA:59,6,1,0
BRDA:62,7,0,0
BRDA:62,7,1,0
BRDA:62,8,0,0
BRDA:62,8,1,0
BRF:18
BRH:0
end_of_record
TN:
SF:src\controllers\WizardController.ts
FN:9,(anonymous_0)
FN:14,(anonymous_1)
FNF:2
FNH:2
FNDA:2,(anonymous_0)
FNDA:2,(anonymous_1)
DA:2,1
DA:3,1
DA:6,1
DA:10,2
DA:11,2
DA:14,2
DA:15,2
DA:16,2
DA:17,2
DA:19,2
DA:20,1
DA:22,1
LF:12
LH:12
BRF:0
BRH:0
end_of_record
TN:
SF:src\core\SessionMiddleware.ts
FN:5,(anonymous_0)
FNF:1
FNH:1
FNDA:3,(anonymous_0)
DA:3,1
DA:5,1
DA:6,3
DA:8,3
DA:9,1
DA:12,2
DA:13,1
DA:16,1
LF:8
LH:8
BRDA:8,0,0,1
BRDA:8,0,1,2
BRDA:8,1,0,3
BRDA:8,1,1,2
BRDA:12,2,0,1
BRDA:12,2,1,1
BRF:6
BRH:6
end_of_record
TN:
SF:src\services\AiService.ts
FN:7,(anonymous_0)
FN:11,(anonymous_1)
FNF:2
FNH:2
FNDA:3,(anonymous_0)
FNDA:3,(anonymous_1)
DA:1,2
DA:4,2
DA:8,3
DA:12,3
DA:14,3
DA:15,3
DA:16,1
DA:24,2
DA:25,1
DA:34,1
DA:37,2
DA:38,2
DA:43,2
DA:44,2
DA:46,0
DA:47,0
LF:16
LH:14
BRDA:8,0,0,3
BRDA:8,0,1,3
BRDA:15,1,0,1
BRDA:15,1,1,2
BRDA:19,2,0,0
BRDA:19,2,1,1
BRDA:24,3,0,1
BRDA:24,3,1,1
BRDA:28,4,0,0
BRDA:28,4,1,1
BRDA:43,5,0,2
BRDA:43,5,1,0
BRF:12
BRH:9
end_of_record
TN:
SF:src\services\ConversationService.ts
FN:4,(anonymous_0)
FN:19,(anonymous_1)
FN:51,(anonymous_2)
FN:59,(anonymous_3)
FN:75,(anonymous_4)
FN:92,(anonymous_5)
FN:118,(anonymous_6)
FNF:7
FNH:7
FNDA:1,(anonymous_0)
FNDA:3,(anonymous_1)
FNDA:1,(anonymous_2)
FNDA:1,(anonymous_3)
FNDA:1,(anonymous_4)
FNDA:1,(anonymous_5)
FNDA:3,(anonymous_6)
DA:2,1
DA:4,1
DA:5,1
DA:6,1
DA:7,1
DA:8,1
DA:12,1
DA:21,3
DA:25,3
DA:26,1
DA:36,3
DA:38,1
DA:41,1
DA:44,1
DA:47,0
DA:53,1
DA:55,1
DA:56,1
DA:60,1
DA:64,1
DA:65,1
DA:71,1
DA:72,1
DA:76,1
DA:80,1
DA:81,1
DA:88,1
DA:89,1
DA:94,1
DA:103,1
DA:107,1
DA:108,0
DA:119,3
LF:33
LH:31
BRDA:4,0,0,1
BRDA:4,0,1,1
BRDA:25,1,0,1
BRDA:25,1,1,2
BRDA:36,2,0,1
BRDA:36,2,1,1
BRDA:36,2,2,1
BRDA:36,2,3,0
BRDA:64,3,0,1
BRDA:64,3,1,0
BRDA:80,4,0,1
BRDA:80,4,1,0
BRDA:107,5,0,0
BRDA:107,5,1,1
BRDA:118,6,0,3
BRF:15
BRH:11
end_of_record
TN:
SF:src\services\SessionPromotionService.ts
FN:13,(anonymous_0)
FN:14,(anonymous_1)
FNF:2
FNH:0
FNDA:0,(anonymous_0)
FNDA:0,(anonymous_1)
DA:1,1
DA:3,1
DA:14,0
DA:18,0
DA:24,0
DA:25,0
DA:26,0
LF:7
LH:2
BRDA:25,0,0,0
BRDA:25,0,1,0
BRDA:25,1,0,0
BRDA:25,1,1,0
BRF:4
BRH:0
end_of_record
TN:
SF:src\services\TemplateService.ts
FN:5,(anonymous_0)
FN:15,(anonymous_1)
FNF:2
FNH:0
FNDA:0,(anonymous_0)
FNDA:0,(anonymous_1)
DA:1,0
DA:2,0
DA:4,0
DA:6,0
DA:7,0
DA:11,0
DA:16,0
DA:17,0
DA:21,0
LF:9
LH:0
BRF:0
BRH:0
end_of_record
TN:
SF:src\services\UserService.ts
FN:5,(anonymous_0)
FNF:1
FNH:1
FNDA:1,(anonymous_0)
DA:1,1
DA:4,1
DA:6,1
LF:3
LH:3
BRF:0
BRH:0
end_of_record
TN:
SF:src\services\WizardService.ts
FN:5,(anonymous_0)
FNF:1
FNH:1
FNDA:4,(anonymous_0)
DA:1,1
DA:4,1
DA:10,4
DA:19,4
DA:20,4
DA:24,4
DA:25,3
DA:26,1
DA:35,1
DA:44,4
DA:45,2
DA:46,2
DA:47,1
DA:49,1
DA:54,4
DA:55,2
DA:56,2
DA:57,1
DA:59,1
DA:64,4
DA:65,2
DA:66,2
DA:67,1
DA:69,1
DA:74,4
LF:25
LH:25
BRDA:19,0,0,4
BRDA:19,0,1,1
BRDA:24,1,0,3
BRDA:24,1,1,1
BRDA:25,2,0,1
BRDA:25,2,1,2
BRDA:38,3,0,1
BRDA:38,3,1,0
BRDA:39,4,0,1
BRDA:39,4,1,0
BRDA:44,5,0,2
BRDA:44,5,1,2
BRDA:46,6,0,1
BRDA:46,6,1,1
BRDA:54,7,0,2
BRDA:54,7,1,2
BRDA:56,8,0,1
BRDA:56,8,1,1
BRDA:64,9,0,2
BRDA:64,9,1,2
BRDA:66,10,0,1
BRDA:66,10,1,1
BRF:22
BRH:20
end_of_record
